\BOOKMARK [0][-]{Doc-Start}{Title}{}% 1
\BOOKMARK [0][-]{Doc-Start}{Abstract}{}% 2
\BOOKMARK [0][-]{Doc-Start}{Acknowledgement}{}% 3
\BOOKMARK [0][-]{Doc-Start}{List\040of\040Figures}{}% 4
\BOOKMARK [0][-]{chapter*.1}{List\040of\040Tables}{}% 5
\BOOKMARK [0][-]{chapter.1}{Introduction}{}% 6
\BOOKMARK [1][-]{section.1.1}{Background}{chapter.1}% 7
\BOOKMARK [1][-]{section.1.2}{The\040Problem}{chapter.1}% 8
\BOOKMARK [1][-]{section.1.3}{Our\040Contributions}{chapter.1}% 9
\BOOKMARK [0][-]{chapter.2}{Related\040Work}{}% 10
\BOOKMARK [1][-]{section.2.1}{Text\040classification}{chapter.2}% 11
\BOOKMARK [1][-]{section.2.2}{Aspect\040Based\040Sentiment\040Analysis}{chapter.2}% 12
\BOOKMARK [0][-]{chapter.3}{Problem\040and\040Algorithm}{}% 13
\BOOKMARK [1][-]{section.3.1}{Formal\040Description\040of\040Problem}{chapter.3}% 14
\BOOKMARK [1][-]{section.3.2}{Design\040of\040Algorithm}{chapter.3}% 15
\BOOKMARK [1][-]{section.3.3}{A\040general\040framework\040for\040Targeted\040Sentiment\040Analysis\(TSA\)}{chapter.3}% 16
\BOOKMARK [1][-]{section.3.4}{BERT\040for\040TSA}{chapter.3}% 17
\BOOKMARK [1][-]{section.3.5}{Auxiliary\040training\040methods\040for\040TSA}{chapter.3}% 18
\BOOKMARK [1][-]{section.3.6}{Adversarial\040training\040methods\040for\040Robustness\040of\040TSA}{chapter.3}% 19
\BOOKMARK [2][-]{subsection.3.6.1}{Robustness\040Test\040Settings}{section.3.6}% 20
\BOOKMARK [2][-]{subsection.3.6.2}{Adversarial\040training}{section.3.6}% 21
\BOOKMARK [0][-]{chapter.4}{Evaluation}{}% 22
\BOOKMARK [1][-]{section.4.1}{Implementation\040Details}{chapter.4}% 23
\BOOKMARK [1][-]{section.4.2}{Experimental\040Setup}{chapter.4}% 24
\BOOKMARK [2][-]{subsection.4.2.1}{Targeted\040Sentiment\040Analysis}{section.4.2}% 25
\BOOKMARK [2][-]{subsection.4.2.2}{Domain\040Adaption'\040effect\040on\040Targeted\040Sentiment\040Analysis}{section.4.2}% 26
\BOOKMARK [2][-]{subsection.4.2.3}{Robustness\040of\040Targeted\040Sentiment\040Analysis\040Algorithms}{section.4.2}% 27
\BOOKMARK [1][-]{section.4.3}{Visualization}{chapter.4}% 28
\BOOKMARK [2][-]{subsection.4.3.1}{Pre-trained\040BERT\040Visualization}{section.4.3}% 29
\BOOKMARK [2][-]{subsection.4.3.2}{BERT-SPC\040Visualization}{section.4.3}% 30
\BOOKMARK [1][-]{section.4.4}{Results}{chapter.4}% 31
\BOOKMARK [2][-]{subsection.4.4.1}{TSA\040results}{section.4.4}% 32
\BOOKMARK [2][-]{subsection.4.4.2}{Robustness\040Test\040results}{section.4.4}% 33
\BOOKMARK [0][-]{chapter.5}{Conclusion}{}% 34
\BOOKMARK [1][-]{section.5.1}{Future\040Work}{chapter.5}% 35
\BOOKMARK [2][-]{subsection.5.1.1}{Domain\040adaptation\040for\040BERT\(Post-training\040BERT\)}{section.5.1}% 36
\BOOKMARK [2][-]{subsection.5.1.2}{Data\040Argumentation}{section.5.1}% 37
\BOOKMARK [0][-]{appendix.A}{Visualization\040Results}{}% 38
\BOOKMARK [0][-]{appendix.B}{Code}{}% 39
